\BOOKMARK [1][-]{section*.2}{Contents}{}
\BOOKMARK [1][-]{section.1}{Package keyczar}{}
\BOOKMARK [2][-]{subsection.1.1}{Modules}{section.1}
\BOOKMARK [1][-]{section.2}{Module keyczar.errors}{}
\BOOKMARK [2][-]{subsection.2.1}{Class KeyczarError}{section.2}
\BOOKMARK [3][-]{subsubsection.2.1.1}{Methods}{subsection.2.1}
\BOOKMARK [3][-]{subsubsection.2.1.2}{Properties}{subsection.2.1}
\BOOKMARK [2][-]{subsection.2.2}{Class BadVersionError}{section.2}
\BOOKMARK [3][-]{subsubsection.2.2.1}{Methods}{subsection.2.2}
\BOOKMARK [3][-]{subsubsection.2.2.2}{Properties}{subsection.2.2}
\BOOKMARK [2][-]{subsection.2.3}{Class BadFormatError}{section.2}
\BOOKMARK [3][-]{subsubsection.2.3.1}{Methods}{subsection.2.3}
\BOOKMARK [3][-]{subsubsection.2.3.2}{Properties}{subsection.2.3}
\BOOKMARK [2][-]{subsection.2.4}{Class Base64DecodingError}{section.2}
\BOOKMARK [3][-]{subsubsection.2.4.1}{Methods}{subsection.2.4}
\BOOKMARK [3][-]{subsubsection.2.4.2}{Properties}{subsection.2.4}
\BOOKMARK [2][-]{subsection.2.5}{Class InvalidSignatureError}{section.2}
\BOOKMARK [3][-]{subsubsection.2.5.1}{Methods}{subsection.2.5}
\BOOKMARK [3][-]{subsubsection.2.5.2}{Properties}{subsection.2.5}
\BOOKMARK [2][-]{subsection.2.6}{Class KeyNotFoundError}{section.2}
\BOOKMARK [3][-]{subsubsection.2.6.1}{Methods}{subsection.2.6}
\BOOKMARK [3][-]{subsubsection.2.6.2}{Properties}{subsection.2.6}
\BOOKMARK [2][-]{subsection.2.7}{Class ShortBufferError}{section.2}
\BOOKMARK [3][-]{subsubsection.2.7.1}{Methods}{subsection.2.7}
\BOOKMARK [3][-]{subsubsection.2.7.2}{Properties}{subsection.2.7}
\BOOKMARK [2][-]{subsection.2.8}{Class ShortCiphertextError}{section.2}
\BOOKMARK [3][-]{subsubsection.2.8.1}{Methods}{subsection.2.8}
\BOOKMARK [3][-]{subsubsection.2.8.2}{Properties}{subsection.2.8}
\BOOKMARK [2][-]{subsection.2.9}{Class ShortSignatureError}{section.2}
\BOOKMARK [3][-]{subsubsection.2.9.1}{Methods}{subsection.2.9}
\BOOKMARK [3][-]{subsubsection.2.9.2}{Properties}{subsection.2.9}
\BOOKMARK [2][-]{subsection.2.10}{Class NoPrimaryKeyError}{section.2}
\BOOKMARK [3][-]{subsubsection.2.10.1}{Methods}{subsection.2.10}
\BOOKMARK [3][-]{subsubsection.2.10.2}{Properties}{subsection.2.10}
\BOOKMARK [1][-]{section.3}{Module keyczar.keyczar}{}
\BOOKMARK [2][-]{subsection.3.1}{Variables}{section.3}
\BOOKMARK [2][-]{subsection.3.2}{Class Keyczar}{section.3}
\BOOKMARK [3][-]{subsubsection.3.2.1}{Methods}{subsection.3.2}
\BOOKMARK [3][-]{subsubsection.3.2.2}{Properties}{subsection.3.2}
\BOOKMARK [2][-]{subsection.3.3}{Class GenericKeyczar}{section.3}
\BOOKMARK [3][-]{subsubsection.3.3.1}{Methods}{subsection.3.3}
\BOOKMARK [3][-]{subsubsection.3.3.2}{Properties}{subsection.3.3}
\BOOKMARK [2][-]{subsection.3.4}{Class Encrypter}{section.3}
\BOOKMARK [3][-]{subsubsection.3.4.1}{Methods}{subsection.3.4}
\BOOKMARK [3][-]{subsubsection.3.4.2}{Properties}{subsection.3.4}
\BOOKMARK [2][-]{subsection.3.5}{Class Verifier}{section.3}
\BOOKMARK [3][-]{subsubsection.3.5.1}{Methods}{subsection.3.5}
\BOOKMARK [3][-]{subsubsection.3.5.2}{Properties}{subsection.3.5}
\BOOKMARK [2][-]{subsection.3.6}{Class Crypter}{section.3}
\BOOKMARK [3][-]{subsubsection.3.6.1}{Methods}{subsection.3.6}
\BOOKMARK [3][-]{subsubsection.3.6.2}{Properties}{subsection.3.6}
\BOOKMARK [2][-]{subsection.3.7}{Class Signer}{section.3}
\BOOKMARK [3][-]{subsubsection.3.7.1}{Methods}{subsection.3.7}
\BOOKMARK [3][-]{subsubsection.3.7.2}{Properties}{subsection.3.7}
\BOOKMARK [1][-]{section.4}{Module keyczar.keyczart}{}
\BOOKMARK [2][-]{subsection.4.1}{Functions}{section.4}
\BOOKMARK [2][-]{subsection.4.2}{Class KeyczarTool}{section.4}
\BOOKMARK [1][-]{section.5}{Module keyczar.keydata}{}
\BOOKMARK [2][-]{subsection.5.1}{Class KeyMetadata}{section.5}
\BOOKMARK [3][-]{subsubsection.5.1.1}{Methods}{subsection.5.1}
\BOOKMARK [3][-]{subsubsection.5.1.2}{Properties}{subsection.5.1}
\BOOKMARK [2][-]{subsection.5.2}{Class KeyVersion}{section.5}
\BOOKMARK [3][-]{subsubsection.5.2.1}{Methods}{subsection.5.2}
\BOOKMARK [3][-]{subsubsection.5.2.2}{Properties}{subsection.5.2}
\BOOKMARK [1][-]{section.6}{Module keyczar.keyinfo}{}
\BOOKMARK [2][-]{subsection.6.1}{Functions}{section.6}
\BOOKMARK [2][-]{subsection.6.2}{Variables}{section.6}
\BOOKMARK [2][-]{subsection.6.3}{Class KeyType}{section.6}
\BOOKMARK [3][-]{subsubsection.6.3.1}{Methods}{subsection.6.3}
\BOOKMARK [3][-]{subsubsection.6.3.2}{Properties}{subsection.6.3}
\BOOKMARK [2][-]{subsection.6.4}{Class KeyStatus}{section.6}
\BOOKMARK [3][-]{subsubsection.6.4.1}{Methods}{subsection.6.4}
\BOOKMARK [3][-]{subsubsection.6.4.2}{Properties}{subsection.6.4}
\BOOKMARK [2][-]{subsection.6.5}{Class KeyPurpose}{section.6}
\BOOKMARK [3][-]{subsubsection.6.5.1}{Methods}{subsection.6.5}
\BOOKMARK [3][-]{subsubsection.6.5.2}{Properties}{subsection.6.5}
\BOOKMARK [2][-]{subsection.6.6}{Class CipherMode}{section.6}
\BOOKMARK [3][-]{subsubsection.6.6.1}{Methods}{subsection.6.6}
\BOOKMARK [3][-]{subsubsection.6.6.2}{Properties}{subsection.6.6}
\BOOKMARK [1][-]{section.7}{Module keyczar.keys}{}
\BOOKMARK [2][-]{subsection.7.1}{Functions}{section.7}
\BOOKMARK [2][-]{subsection.7.2}{Class Key}{section.7}
\BOOKMARK [3][-]{subsubsection.7.2.1}{Methods}{subsection.7.2}
\BOOKMARK [3][-]{subsubsection.7.2.2}{Properties}{subsection.7.2}
\BOOKMARK [2][-]{subsection.7.3}{Class SymmetricKey}{section.7}
\BOOKMARK [3][-]{subsubsection.7.3.1}{Methods}{subsection.7.3}
\BOOKMARK [3][-]{subsubsection.7.3.2}{Properties}{subsection.7.3}
\BOOKMARK [2][-]{subsection.7.4}{Class AsymmetricKey}{section.7}
\BOOKMARK [3][-]{subsubsection.7.4.1}{Methods}{subsection.7.4}
\BOOKMARK [3][-]{subsubsection.7.4.2}{Properties}{subsection.7.4}
\BOOKMARK [2][-]{subsection.7.5}{Class AesKey}{section.7}
\BOOKMARK [3][-]{subsubsection.7.5.1}{Methods}{subsection.7.5}
\BOOKMARK [3][-]{subsubsection.7.5.2}{Properties}{subsection.7.5}
\BOOKMARK [2][-]{subsection.7.6}{Class HmacKey}{section.7}
\BOOKMARK [3][-]{subsubsection.7.6.1}{Methods}{subsection.7.6}
\BOOKMARK [3][-]{subsubsection.7.6.2}{Properties}{subsection.7.6}
\BOOKMARK [2][-]{subsection.7.7}{Class PrivateKey}{section.7}
\BOOKMARK [3][-]{subsubsection.7.7.1}{Methods}{subsection.7.7}
\BOOKMARK [3][-]{subsubsection.7.7.2}{Properties}{subsection.7.7}
\BOOKMARK [2][-]{subsection.7.8}{Class PublicKey}{section.7}
\BOOKMARK [3][-]{subsubsection.7.8.1}{Methods}{subsection.7.8}
\BOOKMARK [3][-]{subsubsection.7.8.2}{Properties}{subsection.7.8}
\BOOKMARK [2][-]{subsection.7.9}{Class DsaPrivateKey}{section.7}
\BOOKMARK [3][-]{subsubsection.7.9.1}{Methods}{subsection.7.9}
\BOOKMARK [3][-]{subsubsection.7.9.2}{Properties}{subsection.7.9}
\BOOKMARK [2][-]{subsection.7.10}{Class RsaPrivateKey}{section.7}
\BOOKMARK [3][-]{subsubsection.7.10.1}{Methods}{subsection.7.10}
\BOOKMARK [3][-]{subsubsection.7.10.2}{Properties}{subsection.7.10}
\BOOKMARK [2][-]{subsection.7.11}{Class DsaPublicKey}{section.7}
\BOOKMARK [3][-]{subsubsection.7.11.1}{Methods}{subsection.7.11}
\BOOKMARK [3][-]{subsubsection.7.11.2}{Properties}{subsection.7.11}
\BOOKMARK [2][-]{subsection.7.12}{Class RsaPublicKey}{section.7}
\BOOKMARK [3][-]{subsubsection.7.12.1}{Methods}{subsection.7.12}
\BOOKMARK [3][-]{subsubsection.7.12.2}{Properties}{subsection.7.12}
\BOOKMARK [1][-]{section.8}{Module keyczar.readers}{}
\BOOKMARK [2][-]{subsection.8.1}{Class Reader}{section.8}
\BOOKMARK [3][-]{subsubsection.8.1.1}{Methods}{subsection.8.1}
\BOOKMARK [3][-]{subsubsection.8.1.2}{Properties}{subsection.8.1}
\BOOKMARK [2][-]{subsection.8.2}{Class FileReader}{section.8}
\BOOKMARK [3][-]{subsubsection.8.2.1}{Methods}{subsection.8.2}
\BOOKMARK [3][-]{subsubsection.8.2.2}{Properties}{subsection.8.2}
\BOOKMARK [1][-]{section.9}{Module keyczar.util}{}
\BOOKMARK [2][-]{subsection.9.1}{Functions}{section.9}
\BOOKMARK [2][-]{subsection.9.2}{Variables}{section.9}
\BOOKMARK [1][-]{section*.4}{Index}{}
